#
# There is insufficient memory for the Java Runtime Environment to continue.
# Native memory allocation (mmap) failed to map 10021765120 bytes for committing reserved memory.
# Possible reasons:
#   The system is out of physical RAM or swap space
#   In 32 bit mode, the process size limit was hit
# Possible solutions:
#   Reduce memory load on the system
#   Increase physical memory or swap space
#   Check if swap backing store is full
#   Use 64 bit Java on a 64 bit OS
#   Decrease Java heap size (-Xmx/-Xms)
#   Decrease number of Java threads
#   Decrease Java thread stack sizes (-Xss)
#   Set larger code cache with -XX:ReservedCodeCacheSize=
# This output file may be truncated or incomplete.
#
#  Out of Memory Error (os_linux.cpp:2671), pid=10021, tid=140504538388224
#
# JRE version:  (8.0_25-b17) (build )
# Java VM: Java HotSpot(TM) 64-Bit Server VM (25.25-b02 mixed mode linux-amd64 compressed oops)
# Failed to write core dump. Core dumps have been disabled. To enable core dumping, try "ulimit -c unlimited" before starting Java again
#

---------------  T H R E A D  ---------------

Current thread (0x00007fc9bc00c000):  JavaThread "Unknown thread" [_thread_in_vm, id=10022, stack(0x00007fc9c3099000,0x00007fc9c319a000)]

Stack: [0x00007fc9c3099000,0x00007fc9c319a000],  sp=0x00007fc9c31983f0,  free space=1020k
Native frames: (J=compiled Java code, j=interpreted, Vv=VM code, C=native code)
V  [libjvm.so+0xa7923a]  VMError::report_and_die()+0x2ca
V  [libjvm.so+0x4e552b]  report_vm_out_of_memory(char const*, int, unsigned long, VMErrorType, char const*)+0x8b
V  [libjvm.so+0x8e5613]  os::Linux::commit_memory_impl(char*, unsigned long, bool)+0x103
V  [libjvm.so+0x8e5b69]  os::pd_commit_memory(char*, unsigned long, unsigned long, bool)+0x29
V  [libjvm.so+0x8df83a]  os::commit_memory(char*, unsigned long, unsigned long, bool)+0x2a
V  [libjvm.so+0x94f923]  PSVirtualSpace::expand_by(unsigned long)+0x53
V  [libjvm.so+0x93fe99]  PSOldGen::initialize(ReservedSpace, unsigned long, char const*, int)+0xb9
V  [libjvm.so+0x2d2856]  AdjoiningGenerations::AdjoiningGenerations(ReservedSpace, GenerationSizer*, unsigned long)+0x3a6
V  [libjvm.so+0x906f2e]  ParallelScavengeHeap::initialize()+0x1ae
V  [libjvm.so+0xa4528d]  Universe::initialize_heap()+0xfd
V  [libjvm.so+0xa456af]  universe_init()+0x3f
V  [libjvm.so+0x612435]  init_globals()+0x65
V  [libjvm.so+0xa2b25d]  Threads::create_vm(JavaVMInitArgs*, bool*)+0x24d
V  [libjvm.so+0x6a9704]  JNI_CreateJavaVM+0x74
C  [libjli.so+0x736e]  JavaMain+0x9e
C  [libpthread.so.0+0x8182]  start_thread+0xc2


---------------  P R O C E S S  ---------------

Java Threads: ( => current thread )

Other Threads:

=>0x00007fc9bc00c000 (exited) JavaThread "Unknown thread" [_thread_in_vm, id=10022, stack(0x00007fc9c3099000,0x00007fc9c319a000)]

VM state:not at safepoint (not fully initialized)

VM Mutex/Monitor currently owned by a thread: None

GC Heap History (0 events):
No events

Deoptimization events (0 events):
No events

Internal exceptions (0 events):
No events

Events (0 events):
No events


Dynamic libraries:
00400000-00401000 r-xp 00000000 fc:04 1840649                            /usr/lib/jvm/java-8-oracle/bin/java
00600000-00601000 rw-p 00000000 fc:04 1840649                            /usr/lib/jvm/java-8-oracle/bin/java
017a2000-017c3000 rw-p 00000000 00:00 0                                  [heap]
695580000-7c0000000 rw-p 00000000 00:00 0 
7fc9ab03f000-7fc9ac2e9000 ---p 00000000 00:00 0 
7fc9ac2e9000-7fc9acc4a000 rw-p 00000000 00:00 0 
7fc9acc4a000-7fc9ad000000 ---p 00000000 00:00 0 
7fc9ad000000-7fc9ad270000 rwxp 00000000 00:00 0 
7fc9ad270000-7fc9bc000000 ---p 00000000 00:00 0 
7fc9bc000000-7fc9bc034000 rw-p 00000000 00:00 0 
7fc9bc034000-7fc9c0000000 ---p 00000000 00:00 0 
7fc9c0000000-7fc9c0275000 rw-p 00000000 00:00 0 
7fc9c0275000-7fc9c028f000 r-xp 00000000 fc:04 1966382                    /usr/lib/jvm/java-8-oracle/jre/lib/amd64/libzip.so
7fc9c028f000-7fc9c048f000 ---p 0001a000 fc:04 1966382                    /usr/lib/jvm/java-8-oracle/jre/lib/amd64/libzip.so
7fc9c048f000-7fc9c0490000 rw-p 0001a000 fc:04 1966382                    /usr/lib/jvm/java-8-oracle/jre/lib/amd64/libzip.so
7fc9c0490000-7fc9c049b000 r-xp 00000000 fc:04 4196184                    /lib/x86_64-linux-gnu/libnss_files-2.19.so
7fc9c049b000-7fc9c069a000 ---p 0000b000 fc:04 4196184                    /lib/x86_64-linux-gnu/libnss_files-2.19.so
7fc9c069a000-7fc9c069b000 r--p 0000a000 fc:04 4196184                    /lib/x86_64-linux-gnu/libnss_files-2.19.so
7fc9c069b000-7fc9c069c000 rw-p 0000b000 fc:04 4196184                    /lib/x86_64-linux-gnu/libnss_files-2.19.so
7fc9c069c000-7fc9c06a7000 r-xp 00000000 fc:04 4196196                    /lib/x86_64-linux-gnu/libnss_nis-2.19.so
7fc9c06a7000-7fc9c08a6000 ---p 0000b000 fc:04 4196196                    /lib/x86_64-linux-gnu/libnss_nis-2.19.so
7fc9c08a6000-7fc9c08a7000 r--p 0000a000 fc:04 4196196                    /lib/x86_64-linux-gnu/libnss_nis-2.19.so
7fc9c08a7000-7fc9c08a8000 rw-p 0000b000 fc:04 4196196                    /lib/x86_64-linux-gnu/libnss_nis-2.19.so
7fc9c08a8000-7fc9c08bf000 r-xp 00000000 fc:04 4196161                    /lib/x86_64-linux-gnu/libnsl-2.19.so
7fc9c08bf000-7fc9c0abe000 ---p 00017000 fc:04 4196161                    /lib/x86_64-linux-gnu/libnsl-2.19.so
7fc9c0abe000-7fc9c0abf000 r--p 00016000 fc:04 4196161                    /lib/x86_64-linux-gnu/libnsl-2.19.so
7fc9c0abf000-7fc9c0ac0000 rw-p 00017000 fc:04 4196161                    /lib/x86_64-linux-gnu/libnsl-2.19.so
7fc9c0ac0000-7fc9c0ac2000 rw-p 00000000 00:00 0 
7fc9c0ac2000-7fc9c0acb000 r-xp 00000000 fc:04 4195596                    /lib/x86_64-linux-gnu/libnss_compat-2.19.so
7fc9c0acb000-7fc9c0cca000 ---p 00009000 fc:04 4195596                    /lib/x86_64-linux-gnu/libnss_compat-2.19.so
7fc9c0cca000-7fc9c0ccb000 r--p 00008000 fc:04 4195596                    /lib/x86_64-linux-gnu/libnss_compat-2.19.so
7fc9c0ccb000-7fc9c0ccc000 rw-p 00009000 fc:04 4195596                    /lib/x86_64-linux-gnu/libnss_compat-2.19.so
7fc9c0ccc000-7fc9c0cf6000 r-xp 00000000 fc:04 1966360                    /usr/lib/jvm/java-8-oracle/jre/lib/amd64/libjava.so
7fc9c0cf6000-7fc9c0ef6000 ---p 0002a000 fc:04 1966360                    /usr/lib/jvm/java-8-oracle/jre/lib/amd64/libjava.so
7fc9c0ef6000-7fc9c0ef8000 rw-p 0002a000 fc:04 1966360                    /usr/lib/jvm/java-8-oracle/jre/lib/amd64/libjava.so
7fc9c0ef8000-7fc9c0f05000 r-xp 00000000 fc:04 1966398                    /usr/lib/jvm/java-8-oracle/jre/lib/amd64/libverify.so
7fc9c0f05000-7fc9c1105000 ---p 0000d000 fc:04 1966398                    /usr/lib/jvm/java-8-oracle/jre/lib/amd64/libverify.so
7fc9c1105000-7fc9c1107000 rw-p 0000d000 fc:04 1966398                    /usr/lib/jvm/java-8-oracle/jre/lib/amd64/libverify.so
7fc9c1107000-7fc9c110e000 r-xp 00000000 fc:04 4196163                    /lib/x86_64-linux-gnu/librt-2.19.so
7fc9c110e000-7fc9c130d000 ---p 00007000 fc:04 4196163                    /lib/x86_64-linux-gnu/librt-2.19.so
7fc9c130d000-7fc9c130e000 r--p 00006000 fc:04 4196163                    /lib/x86_64-linux-gnu/librt-2.19.so
7fc9c130e000-7fc9c130f000 rw-p 00007000 fc:04 4196163                    /lib/x86_64-linux-gnu/librt-2.19.so
7fc9c130f000-7fc9c1414000 r-xp 00000000 fc:04 4196170                    /lib/x86_64-linux-gnu/libm-2.19.so
7fc9c1414000-7fc9c1613000 ---p 00105000 fc:04 4196170                    /lib/x86_64-linux-gnu/libm-2.19.so
7fc9c1613000-7fc9c1614000 r--p 00104000 fc:04 4196170                    /lib/x86_64-linux-gnu/libm-2.19.so
7fc9c1614000-7fc9c1615000 rw-p 00105000 fc:04 4196170                    /lib/x86_64-linux-gnu/libm-2.19.so
7fc9c1615000-7fc9c2282000 r-xp 00000000 fc:04 1966344                    /usr/lib/jvm/java-8-oracle/jre/lib/amd64/server/libjvm.so
7fc9c2282000-7fc9c2481000 ---p 00c6d000 fc:04 1966344                    /usr/lib/jvm/java-8-oracle/jre/lib/amd64/server/libjvm.so
7fc9c2481000-7fc9c2557000 rw-p 00c6c000 fc:04 1966344                    /usr/lib/jvm/java-8-oracle/jre/lib/amd64/server/libjvm.so
7fc9c2557000-7fc9c259a000 rw-p 00000000 00:00 0 
7fc9c259a000-7fc9c2755000 r-xp 00000000 fc:04 4196167                    /lib/x86_64-linux-gnu/libc-2.19.so
7fc9c2755000-7fc9c2955000 ---p 001bb000 fc:04 4196167                    /lib/x86_64-linux-gnu/libc-2.19.so
7fc9c2955000-7fc9c2959000 r--p 001bb000 fc:04 4196167                    /lib/x86_64-linux-gnu/libc-2.19.so
7fc9c2959000-7fc9c295b000 rw-p 001bf000 fc:04 4196167                    /lib/x86_64-linux-gnu/libc-2.19.so
7fc9c295b000-7fc9c2960000 rw-p 00000000 00:00 0 
7fc9c2960000-7fc9c2963000 r-xp 00000000 fc:04 4196200                    /lib/x86_64-linux-gnu/libdl-2.19.so
7fc9c2963000-7fc9c2b62000 ---p 00003000 fc:04 4196200                    /lib/x86_64-linux-gnu/libdl-2.19.so
7fc9c2b62000-7fc9c2b63000 r--p 00002000 fc:04 4196200                    /lib/x86_64-linux-gnu/libdl-2.19.so
7fc9c2b63000-7fc9c2b64000 rw-p 00003000 fc:04 4196200                    /lib/x86_64-linux-gnu/libdl-2.19.so
7fc9c2b64000-7fc9c2b79000 r-xp 00000000 fc:04 1841258                    /usr/lib/jvm/java-8-oracle/lib/amd64/jli/libjli.so
7fc9c2b79000-7fc9c2d78000 ---p 00015000 fc:04 1841258                    /usr/lib/jvm/java-8-oracle/lib/amd64/jli/libjli.so
7fc9c2d78000-7fc9c2d79000 rw-p 00014000 fc:04 1841258                    /usr/lib/jvm/java-8-oracle/lib/amd64/jli/libjli.so
7fc9c2d79000-7fc9c2d92000 r-xp 00000000 fc:04 4196201                    /lib/x86_64-linux-gnu/libpthread-2.19.so
7fc9c2d92000-7fc9c2f91000 ---p 00019000 fc:04 4196201                    /lib/x86_64-linux-gnu/libpthread-2.19.so
7fc9c2f91000-7fc9c2f92000 r--p 00018000 fc:04 4196201                    /lib/x86_64-linux-gnu/libpthread-2.19.so
7fc9c2f92000-7fc9c2f93000 rw-p 00019000 fc:04 4196201                    /lib/x86_64-linux-gnu/libpthread-2.19.so
7fc9c2f93000-7fc9c2f97000 rw-p 00000000 00:00 0 
7fc9c2f97000-7fc9c2fba000 r-xp 00000000 fc:04 4196168                    /lib/x86_64-linux-gnu/ld-2.19.so
7fc9c3099000-7fc9c309c000 ---p 00000000 00:00 0 
7fc9c309c000-7fc9c319e000 rw-p 00000000 00:00 0                          [stack:10022]
7fc9c31aa000-7fc9c31ad000 rw-p 00000000 00:00 0 
7fc9c31ad000-7fc9c31b5000 rw-s 00000000 fc:04 4598657                    /tmp/hsperfdata_dy/10021
7fc9c31b5000-7fc9c31b6000 rw-p 00000000 00:00 0 
7fc9c31b6000-7fc9c31b7000 r--p 00000000 00:00 0 
7fc9c31b7000-7fc9c31b9000 rw-p 00000000 00:00 0 
7fc9c31b9000-7fc9c31ba000 r--p 00022000 fc:04 4196168                    /lib/x86_64-linux-gnu/ld-2.19.so
7fc9c31ba000-7fc9c31bb000 rw-p 00023000 fc:04 4196168                    /lib/x86_64-linux-gnu/ld-2.19.so
7fc9c31bb000-7fc9c31bc000 rw-p 00000000 00:00 0 
7fff7c0ad000-7fff7c0d0000 rw-p 00000000 00:00 0                          [stack]
7fff7c1fe000-7fff7c200000 r-xp 00000000 00:00 0                          [vdso]
ffffffffff600000-ffffffffff601000 r-xp 00000000 00:00 0                  [vsyscall]

VM Arguments:
jvm_args: -Xmx14336m -Xms14336m -Didea.launcher.port=7532 -Didea.launcher.bin.path=/home/dy/Softwares/idea-IC-135.1230/bin -Dfile.encoding=UTF-8 -Dawt.useSystemAAFontSettings=on 
java_command: com.intellij.rt.execution.application.AppMain com.xiaomi.smsspam.Utils.MiningPatterns
java_class_path (initial): /usr/lib/jvm/java-8-oracle/jre/lib/javaws.jar:/usr/lib/jvm/java-8-oracle/jre/lib/rt.jar:/usr/lib/jvm/java-8-oracle/jre/lib/deploy.jar:/usr/lib/jvm/java-8-oracle/jre/lib/jfr.jar:/usr/lib/jvm/java-8-oracle/jre/lib/plugin.jar:/usr/lib/jvm/java-8-oracle/jre/lib/jfxswt.jar:/usr/lib/jvm/java-8-oracle/jre/lib/charsets.jar:/usr/lib/jvm/java-8-oracle/jre/lib/jce.jar:/usr/lib/jvm/java-8-oracle/jre/lib/management-agent.jar:/usr/lib/jvm/java-8-oracle/jre/lib/jsse.jar:/usr/lib/jvm/java-8-oracle/jre/lib/resources.jar:/usr/lib/jvm/java-8-oracle/jre/lib/ext/sunpkcs11.jar:/usr/lib/jvm/java-8-oracle/jre/lib/ext/sunec.jar:/usr/lib/jvm/java-8-oracle/jre/lib/ext/localedata.jar:/usr/lib/jvm/java-8-oracle/jre/lib/ext/zipfs.jar:/usr/lib/jvm/java-8-oracle/jre/lib/ext/jfxrt.jar:/usr/lib/jvm/java-8-oracle/jre/lib/ext/sunjce_provider.jar:/usr/lib/jvm/java-8-oracle/jre/lib/ext/cldrdata.jar:/usr/lib/jvm/java-8-oracle/jre/lib/ext/dnsns.jar:/usr/lib/jvm/java-8-oracle/jre/lib/ext/nashorn.jar:/home/dy/Documents/SmsSpamClassify/out/production/SmsSpamClassify:/home/dy/Documents/SmsSpamClassify/lib/java-json.jar:/home/dy/.IdeaIC13/config/plugins/chelper/lib/chelper.jar:/home/dy/Documents/SmsSpamClassify/lib/Mahout/mahout-core-0.9.jar:/home/dy/Documents/SmsSpamClassify/lib/Mahout/mahout-math-0.9.jar:/home/dy/Documents/SmsSpamClassify/lib/Mahout/commons-math3-3.2.jar:/home/dy/Documents/SmsSpamClassify/lib/Mahout/guava-16.0.jar:/home/dy/Documents/SmsSpamClassify/lib/Mahout/slf4j-api-1.7.5.jar:/home/dy/Documents/SmsSpamClassify/lib/Mahout/jackson-core-asl-1.9.12.jar:/home/dy/Documents/SmsSpamClassify/lib/Mahout/jackson-mapper-asl-1.9.12.jar:/home/dy/Documents/SmsSpamClassify/lib/Mahout/commons-logging-1.1.1.jar:/home/dy/Documents/SmsSpamClassify/lib/Mahout/commons-lang3-3.1.jar:/home/dy/Documents/SmsSpamClassify/lib/Mahout/xstream-1.4.4.jar:/home/dy/Documents/SmsSpamClassify/lib/Mahout/xmlpull-1.1.3.1.jar:/home/dy/Documents/SmsSpamClassify/lib/Mahout/xpp3_min-1.1.4c.jar:/home/d
Launcher Type: SUN_STANDARD

Environment Variables:
_JAVA_OPTIONS=-Dawt.useSystemAAFontSettings=on
CLASSPATH=/home/dy/Softwares/idea-IC-135.1230/bin/../lib/bootstrap.jar:/home/dy/Softwares/idea-IC-135.1230/bin/../lib/extensions.jar:/home/dy/Softwares/idea-IC-135.1230/bin/../lib/util.jar:/home/dy/Softwares/idea-IC-135.1230/bin/../lib/jdom.jar:/home/dy/Softwares/idea-IC-135.1230/bin/../lib/log4j.jar:/home/dy/Softwares/idea-IC-135.1230/bin/../lib/trove4j.jar:/home/dy/Softwares/idea-IC-135.1230/bin/../lib/jna.jar:/usr/lib/jvm/java-8-oracle/lib/tools.jar
PATH=/home/dy/.cabal/bin:/usr/local/sbin:/usr/local/bin:/usr/sbin:/usr/bin:/sbin:/bin:/usr/games:/usr/local/games
LD_LIBRARY_PATH=/home/dy/Softwares/idea-IC-135.1230/bin:
SHELL=/bin/bash
DISPLAY=:0

Signal Handlers:
SIGSEGV: [libjvm.so+0xa79a80], sa_mask[0]=11111111011111111101111111111110, sa_flags=SA_RESTART|SA_SIGINFO
SIGBUS: [libjvm.so+0xa79a80], sa_mask[0]=11111111011111111101111111111110, sa_flags=SA_RESTART|SA_SIGINFO
SIGFPE: [libjvm.so+0x8e24e0], sa_mask[0]=11111111011111111101111111111110, sa_flags=SA_RESTART|SA_SIGINFO
SIGPIPE: [libjvm.so+0x8e24e0], sa_mask[0]=11111111011111111101111111111110, sa_flags=SA_RESTART|SA_SIGINFO
SIGXFSZ: [libjvm.so+0x8e24e0], sa_mask[0]=11111111011111111101111111111110, sa_flags=SA_RESTART|SA_SIGINFO
SIGILL: [libjvm.so+0x8e24e0], sa_mask[0]=11111111011111111101111111111110, sa_flags=SA_RESTART|SA_SIGINFO
SIGUSR1: SIG_DFL, sa_mask[0]=00000000000000000000000000000000, sa_flags=none
SIGUSR2: [libjvm.so+0x8e3d10], sa_mask[0]=00100000000000000000000000000000, sa_flags=SA_RESTART|SA_SIGINFO
SIGHUP: SIG_DFL, sa_mask[0]=00000000000000000000000000000000, sa_flags=none
SIGINT: SIG_DFL, sa_mask[0]=00000000000000000000000000000000, sa_flags=none
SIGTERM: SIG_DFL, sa_mask[0]=00000000000000000000000000000000, sa_flags=none
SIGQUIT: SIG_DFL, sa_mask[0]=00000000000000000000000000000000, sa_flags=none


---------------  S Y S T E M  ---------------

OS:DISTRIB_ID=Ubuntu
DISTRIB_RELEASE=14.04
DISTRIB_CODENAME=trusty
DISTRIB_DESCRIPTION="Ubuntu 14.04.1 LTS"

uname:Linux 3.13.0-37-generic #64-Ubuntu SMP Mon Sep 22 21:28:38 UTC 2014 x86_64
libc:glibc 2.19 NPTL 2.19 
rlimit: STACK 8192k, CORE 0k, NPROC 30771, NOFILE 4096, AS infinity
load average:2.54 1.98 1.94

/proc/meminfo:
MemTotal:        3961276 kB
MemFree:          284604 kB
Buffers:           73640 kB
Cached:          1184524 kB
SwapCached:         2796 kB
Active:          1997284 kB
Inactive:        1369204 kB
Active(anon):    1581748 kB
Inactive(anon):   956280 kB
Active(file):     415536 kB
Inactive(file):   412924 kB
Unevictable:         204 kB
Mlocked:             204 kB
SwapTotal:       4108284 kB
SwapFree:        4089524 kB
Dirty:              4368 kB
Writeback:             0 kB
AnonPages:       2106920 kB
Mapped:           260792 kB
Shmem:            429316 kB
Slab:             188076 kB
SReclaimable:     150040 kB
SUnreclaim:        38036 kB
KernelStack:        5824 kB
PageTables:        41068 kB
NFS_Unstable:          0 kB
Bounce:                0 kB
WritebackTmp:          0 kB
CommitLimit:     6088920 kB
Committed_AS:   11327556 kB
VmallocTotal:   34359738367 kB
VmallocUsed:      547424 kB
VmallocChunk:   34359181312 kB
HardwareCorrupted:     0 kB
AnonHugePages:    831488 kB
HugePages_Total:       0
HugePages_Free:        0
HugePages_Rsvd:        0
HugePages_Surp:        0
Hugepagesize:       2048 kB
DirectMap4k:      108800 kB
DirectMap2M:     3999744 kB


CPU:total 4 (2 cores per cpu, 2 threads per core) family 6 model 42 stepping 7, cmov, cx8, fxsr, mmx, sse, sse2, sse3, ssse3, sse4.1, sse4.2, popcnt, avx, clmul, ht, tsc, tscinvbit

/proc/cpuinfo:
processor	: 0
vendor_id	: GenuineIntel
cpu family	: 6
model		: 42
model name	: Intel(R) Core(TM) i5-2410M CPU @ 2.30GHz
stepping	: 7
microcode	: 0x14
cpu MHz		: 2301.000
cache size	: 3072 KB
physical id	: 0
siblings	: 4
core id		: 0
cpu cores	: 2
apicid		: 0
initial apicid	: 0
fpu		: yes
fpu_exception	: yes
cpuid level	: 13
wp		: yes
flags		: fpu vme de pse tsc msr pae mce cx8 apic sep mtrr pge mca cmov pat pse36 clflush dts acpi mmx fxsr sse sse2 ss ht tm pbe syscall nx rdtscp lm constant_tsc arch_perfmon pebs bts rep_good nopl xtopology nonstop_tsc aperfmperf eagerfpu pni pclmulqdq dtes64 monitor ds_cpl vmx est tm2 ssse3 cx16 xtpr pdcm pcid sse4_1 sse4_2 x2apic popcnt tsc_deadline_timer xsave avx lahf_lm ida arat epb xsaveopt pln pts dtherm tpr_shadow vnmi flexpriority ept vpid
bogomips	: 4589.99
clflush size	: 64
cache_alignment	: 64
address sizes	: 36 bits physical, 48 bits virtual
power management:

processor	: 1
vendor_id	: GenuineIntel
cpu family	: 6
model		: 42
model name	: Intel(R) Core(TM) i5-2410M CPU @ 2.30GHz
stepping	: 7
microcode	: 0x14
cpu MHz		: 2301.000
cache size	: 3072 KB
physical id	: 0
siblings	: 4
core id		: 0
cpu cores	: 2
apicid		: 1
initial apicid	: 1
fpu		: yes
fpu_exception	: yes
cpuid level	: 13
wp		: yes
flags		: fpu vme de pse tsc msr pae mce cx8 apic sep mtrr pge mca cmov pat pse36 clflush dts acpi mmx fxsr sse sse2 ss ht tm pbe syscall nx rdtscp lm constant_tsc arch_perfmon pebs bts rep_good nopl xtopology nonstop_tsc aperfmperf eagerfpu pni pclmulqdq dtes64 monitor ds_cpl vmx est tm2 ssse3 cx16 xtpr pdcm pcid sse4_1 sse4_2 x2apic popcnt tsc_deadline_timer xsave avx lahf_lm ida arat epb xsaveopt pln pts dtherm tpr_shadow vnmi flexpriority ept vpid
bogomips	: 4589.99
clflush size	: 64
cache_alignment	: 64
address sizes	: 36 bits physical, 48 bits virtual
power management:

processor	: 2
vendor_id	: GenuineIntel
cpu family	: 6
model		: 42
model name	: Intel(R) Core(TM) i5-2410M CPU @ 2.30GHz
stepping	: 7
microcode	: 0x14
cpu MHz		: 2300.000
cache size	: 3072 KB
physical id	: 0
siblings	: 4
core id		: 1
cpu cores	: 2
apicid		: 2
initial apicid	: 2
fpu		: yes
fpu_exception	: yes
cpuid level	: 13
wp		: yes
flags		: fpu vme de pse tsc msr pae mce cx8 apic sep mtrr pge mca cmov pat pse36 clflush dts acpi mmx fxsr sse sse2 ss ht tm pbe syscall nx rdtscp lm constant_tsc arch_perfmon pebs bts rep_good nopl xtopology nonstop_tsc aperfmperf eagerfpu pni pclmulqdq dtes64 monitor ds_cpl vmx est tm2 ssse3 cx16 xtpr pdcm pcid sse4_1 sse4_2 x2apic popcnt tsc_deadline_timer xsave avx lahf_lm ida arat epb xsaveopt pln pts dtherm tpr_shadow vnmi flexpriority ept vpid
bogomips	: 4589.99
clflush size	: 64
cache_alignment	: 64
address sizes	: 36 bits physical, 48 bits virtual
power management:

processor	: 3
vendor_id	: GenuineIntel
cpu family	: 6
model		: 42
model name	: Intel(R) Core(TM) i5-2410M CPU @ 2.30GHz
stepping	: 7
microcode	: 0x14
cpu MHz		: 2300.000
cache size	: 3072 KB
physical id	: 0
siblings	: 4
core id		: 1
cpu cores	: 2
apicid		: 3
initial apicid	: 3
fpu		: yes
fpu_exception	: yes
cpuid level	: 13
wp		: yes
flags		: fpu vme de pse tsc msr pae mce cx8 apic sep mtrr pge mca cmov pat pse36 clflush dts acpi mmx fxsr sse sse2 ss ht tm pbe syscall nx rdtscp lm constant_tsc arch_perfmon pebs bts rep_good nopl xtopology nonstop_tsc aperfmperf eagerfpu pni pclmulqdq dtes64 monitor ds_cpl vmx est tm2 ssse3 cx16 xtpr pdcm pcid sse4_1 sse4_2 x2apic popcnt tsc_deadline_timer xsave avx lahf_lm ida arat epb xsaveopt pln pts dtherm tpr_shadow vnmi flexpriority ept vpid
bogomips	: 4589.99
clflush size	: 64
cache_alignment	: 64
address sizes	: 36 bits physical, 48 bits virtual
power management:



Memory: 4k page, physical 3961276k(284604k free), swap 4108284k(4089524k free)

vm_info: Java HotSpot(TM) 64-Bit Server VM (25.25-b02) for linux-amd64 JRE (1.8.0_25-b17), built on Sep 17 2014 17:32:11 by "java_re" with gcc 4.3.0 20080428 (Red Hat 4.3.0-8)

time: Wed Nov  5 22:35:04 2014
elapsed time: 0 seconds (0d 0h 0m 0s)

